<?xml version="1.0" encoding="UTF-8"?>
<testng-results skipped="0" failed="0" ignored="0" total="1" passed="1">
  <reporter-output>
  </reporter-output>
  <suite name="Default suite" duration-ms="7295" started-at="2020-09-06T12:33:54 CDT" finished-at="2020-09-06T12:34:02 CDT">
    <groups>
    </groups>
    <test name="Default test" duration-ms="7295" started-at="2020-09-06T12:33:54 CDT" finished-at="2020-09-06T12:34:02 CDT">
      <class name="test.MonthDropDownTest">
        <test-method status="PASS" signature="validateMonthDropDown()[pri:0, instance:test.MonthDropDownTest@578486a3]" name="validateMonthDropDown" duration-ms="7258" started-at="2020-09-06T12:33:54 CDT" finished-at="2020-09-06T12:34:02 CDT">
          <reporter-output>
          </reporter-output>
        </test-method> <!-- validateMonthDropDown -->
      </class> <!-- test.MonthDropDownTest -->
    </test> <!-- Default test -->
  </suite> <!-- Default suite -->
</testng-results>
